{"/Users/hugo/github/spider/packages/hugo-spider-zf/lib/desktop.js":{"path":"/Users/hugo/github/spider/packages/hugo-spider-zf/lib/desktop.js","s":{"1":1,"2":1,"3":129,"4":129,"5":129,"6":129,"7":129,"8":129,"9":129,"10":129,"11":129,"12":129,"13":129,"14":129,"15":129,"16":1455,"17":8730,"18":52,"19":52,"20":8678,"21":76,"22":76,"23":76,"24":76,"25":76,"26":129,"27":31,"28":98,"29":98,"30":1127,"31":24,"32":24,"33":1103,"34":0,"35":1103,"36":57,"37":57,"38":0,"39":0,"40":1046,"41":27,"42":27,"43":27,"44":27,"45":0,"46":27,"47":1019,"48":1019,"49":2,"50":1127,"51":129,"52":129,"53":129,"54":1303,"55":1303,"56":1303,"57":116,"58":116,"59":116,"60":1187,"61":1187,"62":2,"63":2,"64":2,"65":1303,"66":129,"67":59,"68":129,"69":1185,"70":78,"71":78,"72":129,"73":1107,"74":1107,"75":130,"76":129,"77":1107,"78":1107,"79":91,"80":129,"81":1107,"82":1107,"83":1107,"84":103,"85":103,"86":1004,"87":17,"88":17,"89":129,"90":987,"91":97,"92":97,"93":129,"94":129,"95":35,"96":94,"97":586,"98":17,"99":129,"100":129,"101":129,"102":129,"103":1189,"104":1189,"105":76,"106":76,"107":342,"108":1113,"109":129,"110":129,"111":129,"112":129,"113":129,"114":129,"115":129,"116":129,"117":129,"118":129,"119":129,"120":129,"121":129,"122":129,"123":129,"124":129,"125":129,"126":129,"127":129,"128":129,"129":1},"b":{"1":[52,8678],"2":[76,8602],"3":[76,0],"4":[31,98],"5":[24,1103],"6":[1127,1125,1123],"7":[0,1103],"8":[57,1046],"9":[0,57],"10":[27,1019],"11":[27,0],"12":[2,1017],"13":[116,1187],"14":[2,1185],"15":[59,70],"16":[129,72,62],"17":[78,1107],"18":[1185,1154,70,1115],"19":[130,977],"20":[1107,135],"21":[91,1016],"22":[103,1004],"23":[17,987],"24":[97,890],"25":[987,892],"26":[35,94],"27":[129,35],"28":[17,569],"29":[76,1113]},"f":{"1":129,"2":129,"3":129,"4":129,"5":129,"6":129,"7":129,"8":129,"9":129,"10":129,"11":129},"fnMap":{"1":{"name":"(anonymous_1)","line":12,"loc":{"start":{"line":12,"column":13},"end":{"line":12,"column":21}}},"2":{"name":"(anonymous_2)","line":40,"loc":{"start":{"line":40,"column":10},"end":{"line":40,"column":13}}},"3":{"name":"(anonymous_3)","line":64,"loc":{"start":{"line":64,"column":9},"end":{"line":64,"column":12}}},"4":{"name":"(anonymous_4)","line":113,"loc":{"start":{"line":113,"column":8},"end":{"line":113,"column":11}}},"5":{"name":"(anonymous_5)","line":148,"loc":{"start":{"line":148,"column":8},"end":{"line":148,"column":11}}},"6":{"name":"(anonymous_6)","line":167,"loc":{"start":{"line":167,"column":11},"end":{"line":167,"column":14}}},"7":{"name":"(anonymous_7)","line":183,"loc":{"start":{"line":183,"column":9},"end":{"line":183,"column":12}}},"8":{"name":"(anonymous_8)","line":197,"loc":{"start":{"line":197,"column":11},"end":{"line":197,"column":14}}},"9":{"name":"(anonymous_9)","line":214,"loc":{"start":{"line":214,"column":12},"end":{"line":214,"column":15}}},"10":{"name":"(anonymous_10)","line":226,"loc":{"start":{"line":226,"column":12},"end":{"line":226,"column":19}}},"11":{"name":"(anonymous_11)","line":240,"loc":{"start":{"line":240,"column":6},"end":{"line":240,"column":14}}}},"statementMap":{"1":{"start":{"line":8,"column":0},"end":{"line":8,"column":41}},"2":{"start":{"line":9,"column":0},"end":{"line":9,"column":28}},"3":{"start":{"line":13,"column":4},"end":{"line":13,"column":21}},"4":{"start":{"line":15,"column":4},"end":{"line":15,"column":20}},"5":{"start":{"line":17,"column":4},"end":{"line":17,"column":19}},"6":{"start":{"line":19,"column":4},"end":{"line":19,"column":18}},"7":{"start":{"line":21,"column":4},"end":{"line":21,"column":21}},"8":{"start":{"line":23,"column":4},"end":{"line":23,"column":19}},"9":{"start":{"line":25,"column":4},"end":{"line":25,"column":21}},"10":{"start":{"line":27,"column":4},"end":{"line":27,"column":22}},"11":{"start":{"line":29,"column":4},"end":{"line":29,"column":18}},"12":{"start":{"line":31,"column":4},"end":{"line":31,"column":23}},"13":{"start":{"line":33,"column":4},"end":{"line":33,"column":28}},"14":{"start":{"line":41,"column":4},"end":{"line":41,"column":58}},"15":{"start":{"line":42,"column":4},"end":{"line":58,"column":5}},"16":{"start":{"line":43,"column":6},"end":{"line":57,"column":7}},"17":{"start":{"line":45,"column":8},"end":{"line":56,"column":9}},"18":{"start":{"line":46,"column":10},"end":{"line":46,"column":52}},"19":{"start":{"line":47,"column":10},"end":{"line":47,"column":25}},"20":{"start":{"line":48,"column":15},"end":{"line":56,"column":9}},"21":{"start":{"line":50,"column":10},"end":{"line":50,"column":25}},"22":{"start":{"line":51,"column":10},"end":{"line":51,"column":60}},"23":{"start":{"line":52,"column":10},"end":{"line":55,"column":11}},"24":{"start":{"line":53,"column":12},"end":{"line":53,"column":29}},"25":{"start":{"line":54,"column":12},"end":{"line":54,"column":54}},"26":{"start":{"line":66,"column":4},"end":{"line":66,"column":26}},"27":{"start":{"line":66,"column":19},"end":{"line":66,"column":26}},"28":{"start":{"line":68,"column":4},"end":{"line":68,"column":14}},"29":{"start":{"line":70,"column":4},"end":{"line":105,"column":5}},"30":{"start":{"line":73,"column":6},"end":{"line":103,"column":7}},"31":{"start":{"line":74,"column":8},"end":{"line":74,"column":44}},"32":{"start":{"line":75,"column":8},"end":{"line":75,"column":50}},"33":{"start":{"line":76,"column":13},"end":{"line":103,"column":7}},"34":{"start":{"line":79,"column":8},"end":{"line":79,"column":73}},"35":{"start":{"line":80,"column":13},"end":{"line":103,"column":7}},"36":{"start":{"line":82,"column":8},"end":{"line":82,"column":63}},"37":{"start":{"line":83,"column":8},"end":{"line":86,"column":9}},"38":{"start":{"line":84,"column":10},"end":{"line":84,"column":32}},"39":{"start":{"line":85,"column":10},"end":{"line":85,"column":52}},"40":{"start":{"line":87,"column":13},"end":{"line":103,"column":7}},"41":{"start":{"line":88,"column":8},"end":{"line":88,"column":51}},"42":{"start":{"line":89,"column":8},"end":{"line":89,"column":16}},"43":{"start":{"line":90,"column":8},"end":{"line":94,"column":9}},"44":{"start":{"line":91,"column":10},"end":{"line":91,"column":26}},"45":{"start":{"line":93,"column":10},"end":{"line":93,"column":31}},"46":{"start":{"line":95,"column":8},"end":{"line":95,"column":65}},"47":{"start":{"line":98,"column":8},"end":{"line":98,"column":63}},"48":{"start":{"line":99,"column":8},"end":{"line":102,"column":9}},"49":{"start":{"line":100,"column":10},"end":{"line":100,"column":31}},"50":{"start":{"line":104,"column":6},"end":{"line":104,"column":13}},"51":{"start":{"line":114,"column":4},"end":{"line":114,"column":19}},"52":{"start":{"line":115,"column":4},"end":{"line":115,"column":14}},"53":{"start":{"line":116,"column":4},"end":{"line":134,"column":5}},"54":{"start":{"line":117,"column":6},"end":{"line":117,"column":39}},"55":{"start":{"line":119,"column":6},"end":{"line":119,"column":47}},"56":{"start":{"line":120,"column":6},"end":{"line":132,"column":7}},"57":{"start":{"line":121,"column":4},"end":{"line":121,"column":15}},"58":{"start":{"line":122,"column":8},"end":{"line":122,"column":28}},"59":{"start":{"line":123,"column":8},"end":{"line":123,"column":50}},"60":{"start":{"line":126,"column":8},"end":{"line":126,"column":50}},"61":{"start":{"line":127,"column":8},"end":{"line":131,"column":9}},"62":{"start":{"line":128,"column":5},"end":{"line":128,"column":16}},"63":{"start":{"line":129,"column":10},"end":{"line":129,"column":31}},"64":{"start":{"line":130,"column":10},"end":{"line":130,"column":52}},"65":{"start":{"line":133,"column":6},"end":{"line":133,"column":11}},"66":{"start":{"line":138,"column":4},"end":{"line":140,"column":5}},"67":{"start":{"line":139,"column":6},"end":{"line":139,"column":74}},"68":{"start":{"line":150,"column":4},"end":{"line":160,"column":5}},"69":{"start":{"line":151,"column":6},"end":{"line":159,"column":7}},"70":{"start":{"line":157,"column":8},"end":{"line":157,"column":23}},"71":{"start":{"line":158,"column":8},"end":{"line":158,"column":50}},"72":{"start":{"line":168,"column":4},"end":{"line":176,"column":5}},"73":{"start":{"line":169,"column":6},"end":{"line":169,"column":43}},"74":{"start":{"line":171,"column":6},"end":{"line":175,"column":7}},"75":{"start":{"line":172,"column":8},"end":{"line":172,"column":31}},"76":{"start":{"line":184,"column":4},"end":{"line":190,"column":5}},"77":{"start":{"line":185,"column":6},"end":{"line":185,"column":55}},"78":{"start":{"line":186,"column":6},"end":{"line":189,"column":7}},"79":{"start":{"line":187,"column":8},"end":{"line":187,"column":29}},"80":{"start":{"line":198,"column":4},"end":{"line":208,"column":5}},"81":{"start":{"line":199,"column":6},"end":{"line":199,"column":37}},"82":{"start":{"line":200,"column":6},"end":{"line":200,"column":42}},"83":{"start":{"line":201,"column":6},"end":{"line":207,"column":7}},"84":{"start":{"line":202,"column":8},"end":{"line":202,"column":26}},"85":{"start":{"line":203,"column":8},"end":{"line":203,"column":50}},"86":{"start":{"line":204,"column":13},"end":{"line":207,"column":7}},"87":{"start":{"line":205,"column":8},"end":{"line":205,"column":28}},"88":{"start":{"line":206,"column":8},"end":{"line":206,"column":50}},"89":{"start":{"line":215,"column":4},"end":{"line":220,"column":5}},"90":{"start":{"line":216,"column":6},"end":{"line":219,"column":7}},"91":{"start":{"line":217,"column":8},"end":{"line":217,"column":27}},"92":{"start":{"line":218,"column":8},"end":{"line":218,"column":50}},"93":{"start":{"line":227,"column":4},"end":{"line":227,"column":39}},"94":{"start":{"line":228,"column":4},"end":{"line":237,"column":5}},"95":{"start":{"line":229,"column":6},"end":{"line":229,"column":31}},"96":{"start":{"line":232,"column":3},"end":{"line":236,"column":4}},"97":{"start":{"line":233,"column":4},"end":{"line":235,"column":5}},"98":{"start":{"line":234,"column":5},"end":{"line":234,"column":45}},"99":{"start":{"line":242,"column":4},"end":{"line":242,"column":48}},"100":{"start":{"line":243,"column":2},"end":{"line":243,"column":34}},"101":{"start":{"line":244,"column":4},"end":{"line":244,"column":21}},"102":{"start":{"line":245,"column":4},"end":{"line":255,"column":5}},"103":{"start":{"line":246,"column":3},"end":{"line":246,"column":25}},"104":{"start":{"line":247,"column":3},"end":{"line":254,"column":7}},"105":{"start":{"line":248,"column":4},"end":{"line":248,"column":32}},"106":{"start":{"line":249,"column":4},"end":{"line":251,"column":7}},"107":{"start":{"line":250,"column":5},"end":{"line":250,"column":28}},"108":{"start":{"line":253,"column":4},"end":{"line":253,"column":26}},"109":{"start":{"line":269,"column":4},"end":{"line":269,"column":36}},"110":{"start":{"line":271,"column":4},"end":{"line":271,"column":20}},"111":{"start":{"line":272,"column":4},"end":{"line":272,"column":19}},"112":{"start":{"line":273,"column":4},"end":{"line":273,"column":18}},"113":{"start":{"line":274,"column":4},"end":{"line":274,"column":18}},"114":{"start":{"line":275,"column":4},"end":{"line":275,"column":21}},"115":{"start":{"line":276,"column":4},"end":{"line":276,"column":19}},"116":{"start":{"line":277,"column":4},"end":{"line":277,"column":21}},"117":{"start":{"line":278,"column":4},"end":{"line":278,"column":22}},"118":{"start":{"line":279,"column":4},"end":{"line":279,"column":28}},"119":{"start":{"line":280,"column":4},"end":{"line":280,"column":33}},"120":{"start":{"line":281,"column":4},"end":{"line":281,"column":32}},"121":{"start":{"line":282,"column":4},"end":{"line":282,"column":32}},"122":{"start":{"line":283,"column":4},"end":{"line":283,"column":31}},"123":{"start":{"line":284,"column":4},"end":{"line":284,"column":34}},"124":{"start":{"line":285,"column":4},"end":{"line":285,"column":34}},"125":{"start":{"line":286,"column":4},"end":{"line":286,"column":36}},"126":{"start":{"line":287,"column":4},"end":{"line":287,"column":36}},"127":{"start":{"line":288,"column":4},"end":{"line":288,"column":37}},"128":{"start":{"line":290,"column":4},"end":{"line":300,"column":6}},"129":{"start":{"line":305,"column":0},"end":{"line":305,"column":23}}},"branchMap":{"1":{"line":45,"type":"if","locations":[{"start":{"line":45,"column":8},"end":{"line":45,"column":8}},{"start":{"line":45,"column":8},"end":{"line":45,"column":8}}]},"2":{"line":48,"type":"if","locations":[{"start":{"line":48,"column":15},"end":{"line":48,"column":15}},{"start":{"line":48,"column":15},"end":{"line":48,"column":15}}]},"3":{"line":52,"type":"if","locations":[{"start":{"line":52,"column":10},"end":{"line":52,"column":10}},{"start":{"line":52,"column":10},"end":{"line":52,"column":10}}]},"4":{"line":66,"type":"if","locations":[{"start":{"line":66,"column":4},"end":{"line":66,"column":4}},{"start":{"line":66,"column":4},"end":{"line":66,"column":4}}]},"5":{"line":73,"type":"if","locations":[{"start":{"line":73,"column":6},"end":{"line":73,"column":6}},{"start":{"line":73,"column":6},"end":{"line":73,"column":6}}]},"6":{"line":73,"type":"binary-expr","locations":[{"start":{"line":73,"column":10},"end":{"line":73,"column":34}},{"start":{"line":73,"column":38},"end":{"line":73,"column":61}},{"start":{"line":73,"column":65},"end":{"line":73,"column":89}}]},"7":{"line":76,"type":"if","locations":[{"start":{"line":76,"column":13},"end":{"line":76,"column":13}},{"start":{"line":76,"column":13},"end":{"line":76,"column":13}}]},"8":{"line":80,"type":"if","locations":[{"start":{"line":80,"column":13},"end":{"line":80,"column":13}},{"start":{"line":80,"column":13},"end":{"line":80,"column":13}}]},"9":{"line":83,"type":"if","locations":[{"start":{"line":83,"column":8},"end":{"line":83,"column":8}},{"start":{"line":83,"column":8},"end":{"line":83,"column":8}}]},"10":{"line":87,"type":"if","locations":[{"start":{"line":87,"column":13},"end":{"line":87,"column":13}},{"start":{"line":87,"column":13},"end":{"line":87,"column":13}}]},"11":{"line":90,"type":"if","locations":[{"start":{"line":90,"column":8},"end":{"line":90,"column":8}},{"start":{"line":90,"column":8},"end":{"line":90,"column":8}}]},"12":{"line":99,"type":"if","locations":[{"start":{"line":99,"column":8},"end":{"line":99,"column":8}},{"start":{"line":99,"column":8},"end":{"line":99,"column":8}}]},"13":{"line":120,"type":"if","locations":[{"start":{"line":120,"column":6},"end":{"line":120,"column":6}},{"start":{"line":120,"column":6},"end":{"line":120,"column":6}}]},"14":{"line":127,"type":"if","locations":[{"start":{"line":127,"column":8},"end":{"line":127,"column":8}},{"start":{"line":127,"column":8},"end":{"line":127,"column":8}}]},"15":{"line":138,"type":"if","locations":[{"start":{"line":138,"column":4},"end":{"line":138,"column":4}},{"start":{"line":138,"column":4},"end":{"line":138,"column":4}}]},"16":{"line":138,"type":"binary-expr","locations":[{"start":{"line":138,"column":8},"end":{"line":138,"column":27}},{"start":{"line":138,"column":31},"end":{"line":138,"column":39}},{"start":{"line":138,"column":43},"end":{"line":138,"column":49}}]},"17":{"line":151,"type":"if","locations":[{"start":{"line":151,"column":6},"end":{"line":151,"column":6}},{"start":{"line":151,"column":6},"end":{"line":151,"column":6}}]},"18":{"line":153,"type":"binary-expr","locations":[{"start":{"line":153,"column":10},"end":{"line":153,"column":33}},{"start":{"line":153,"column":37},"end":{"line":153,"column":60}},{"start":{"line":153,"column":65},"end":{"line":153,"column":88}},{"start":{"line":155,"column":8},"end":{"line":155,"column":32}}]},"19":{"line":171,"type":"if","locations":[{"start":{"line":171,"column":6},"end":{"line":171,"column":6}},{"start":{"line":171,"column":6},"end":{"line":171,"column":6}}]},"20":{"line":171,"type":"binary-expr","locations":[{"start":{"line":171,"column":10},"end":{"line":171,"column":15}},{"start":{"line":171,"column":19},"end":{"line":171,"column":42}}]},"21":{"line":186,"type":"if","locations":[{"start":{"line":186,"column":6},"end":{"line":186,"column":6}},{"start":{"line":186,"column":6},"end":{"line":186,"column":6}}]},"22":{"line":201,"type":"if","locations":[{"start":{"line":201,"column":6},"end":{"line":201,"column":6}},{"start":{"line":201,"column":6},"end":{"line":201,"column":6}}]},"23":{"line":204,"type":"if","locations":[{"start":{"line":204,"column":13},"end":{"line":204,"column":13}},{"start":{"line":204,"column":13},"end":{"line":204,"column":13}}]},"24":{"line":216,"type":"if","locations":[{"start":{"line":216,"column":6},"end":{"line":216,"column":6}},{"start":{"line":216,"column":6},"end":{"line":216,"column":6}}]},"25":{"line":216,"type":"binary-expr","locations":[{"start":{"line":216,"column":10},"end":{"line":216,"column":33}},{"start":{"line":216,"column":37},"end":{"line":216,"column":60}}]},"26":{"line":228,"type":"if","locations":[{"start":{"line":228,"column":4},"end":{"line":228,"column":4}},{"start":{"line":228,"column":4},"end":{"line":228,"column":4}}]},"27":{"line":228,"type":"binary-expr","locations":[{"start":{"line":228,"column":7},"end":{"line":228,"column":12}},{"start":{"line":228,"column":16},"end":{"line":228,"column":28}}]},"28":{"line":233,"type":"if","locations":[{"start":{"line":233,"column":4},"end":{"line":233,"column":4}},{"start":{"line":233,"column":4},"end":{"line":233,"column":4}}]},"29":{"line":247,"type":"if","locations":[{"start":{"line":247,"column":3},"end":{"line":247,"column":3}},{"start":{"line":247,"column":3},"end":{"line":247,"column":3}}]}}}}