TN:
SF:/Users/hugo/github/spider/packages/hugo-spider-zf/lib/desktop.js
FN:12,(anonymous_1)
FN:40,(anonymous_2)
FN:64,(anonymous_3)
FN:113,(anonymous_4)
FN:148,(anonymous_5)
FN:167,(anonymous_6)
FN:183,(anonymous_7)
FN:197,(anonymous_8)
FN:214,(anonymous_9)
FN:226,(anonymous_10)
FN:240,(anonymous_11)
FNF:11
FNH:11
FNDA:129,(anonymous_1)
FNDA:129,(anonymous_2)
FNDA:129,(anonymous_3)
FNDA:129,(anonymous_4)
FNDA:129,(anonymous_5)
FNDA:129,(anonymous_6)
FNDA:129,(anonymous_7)
FNDA:129,(anonymous_8)
FNDA:129,(anonymous_9)
FNDA:129,(anonymous_10)
FNDA:129,(anonymous_11)
DA:8,1
DA:9,1
DA:13,129
DA:15,129
DA:17,129
DA:19,129
DA:21,129
DA:23,129
DA:25,129
DA:27,129
DA:29,129
DA:31,129
DA:33,129
DA:41,129
DA:42,129
DA:43,1455
DA:45,8730
DA:46,52
DA:47,52
DA:48,8678
DA:50,76
DA:51,76
DA:52,76
DA:53,76
DA:54,76
DA:66,129
DA:68,98
DA:70,98
DA:73,1127
DA:74,24
DA:75,24
DA:76,1103
DA:79,0
DA:80,1103
DA:82,57
DA:83,57
DA:84,0
DA:85,0
DA:87,1046
DA:88,27
DA:89,27
DA:90,27
DA:91,27
DA:93,0
DA:95,27
DA:98,1019
DA:99,1019
DA:100,2
DA:104,1127
DA:114,129
DA:115,129
DA:116,129
DA:117,1303
DA:119,1303
DA:120,1303
DA:121,116
DA:122,116
DA:123,116
DA:126,1187
DA:127,1187
DA:128,2
DA:129,2
DA:130,2
DA:133,1303
DA:138,129
DA:139,59
DA:150,129
DA:151,1185
DA:157,78
DA:158,78
DA:168,129
DA:169,1107
DA:171,1107
DA:172,130
DA:184,129
DA:185,1107
DA:186,1107
DA:187,91
DA:198,129
DA:199,1107
DA:200,1107
DA:201,1107
DA:202,103
DA:203,103
DA:204,1004
DA:205,17
DA:206,17
DA:215,129
DA:216,987
DA:217,97
DA:218,97
DA:227,129
DA:228,129
DA:229,35
DA:232,94
DA:233,586
DA:234,17
DA:242,129
DA:243,129
DA:244,129
DA:245,129
DA:246,1189
DA:247,1189
DA:248,76
DA:249,76
DA:250,342
DA:253,1113
DA:269,129
DA:271,129
DA:272,129
DA:273,129
DA:274,129
DA:275,129
DA:276,129
DA:277,129
DA:278,129
DA:279,129
DA:280,129
DA:281,129
DA:282,129
DA:283,129
DA:284,129
DA:285,129
DA:286,129
DA:287,129
DA:288,129
DA:290,129
DA:305,1
LF:128
LH:124
BRDA:45,1,0,52
BRDA:45,1,1,8678
BRDA:48,2,0,76
BRDA:48,2,1,8602
BRDA:52,3,0,76
BRDA:52,3,1,0
BRDA:66,4,0,31
BRDA:66,4,1,98
BRDA:73,5,0,24
BRDA:73,5,1,1103
BRDA:73,6,0,1127
BRDA:73,6,1,1125
BRDA:73,6,2,1123
BRDA:76,7,0,0
BRDA:76,7,1,1103
BRDA:80,8,0,57
BRDA:80,8,1,1046
BRDA:83,9,0,0
BRDA:83,9,1,57
BRDA:87,10,0,27
BRDA:87,10,1,1019
BRDA:90,11,0,27
BRDA:90,11,1,0
BRDA:99,12,0,2
BRDA:99,12,1,1017
BRDA:120,13,0,116
BRDA:120,13,1,1187
BRDA:127,14,0,2
BRDA:127,14,1,1185
BRDA:138,15,0,59
BRDA:138,15,1,70
BRDA:138,16,0,129
BRDA:138,16,1,72
BRDA:138,16,2,62
BRDA:151,17,0,78
BRDA:151,17,1,1107
BRDA:153,18,0,1185
BRDA:153,18,1,1154
BRDA:153,18,2,70
BRDA:153,18,3,1115
BRDA:171,19,0,130
BRDA:171,19,1,977
BRDA:171,20,0,1107
BRDA:171,20,1,135
BRDA:186,21,0,91
BRDA:186,21,1,1016
BRDA:201,22,0,103
BRDA:201,22,1,1004
BRDA:204,23,0,17
BRDA:204,23,1,987
BRDA:216,24,0,97
BRDA:216,24,1,890
BRDA:216,25,0,987
BRDA:216,25,1,892
BRDA:228,26,0,35
BRDA:228,26,1,94
BRDA:228,27,0,129
BRDA:228,27,1,35
BRDA:233,28,0,17
BRDA:233,28,1,569
BRDA:247,29,0,76
BRDA:247,29,1,1113
BRF:62
BRH:58
end_of_record
