{"/Users/hugo/github/spider/packages/hugo-spider-gz/lib/desktop.js":{"path":"/Users/hugo/github/spider/packages/hugo-spider-gz/lib/desktop.js","s":{"1":1,"2":1,"3":1,"4":131,"5":131,"6":131,"7":131,"8":131,"9":131,"10":131,"11":131,"12":131,"13":131,"14":131,"15":131,"16":131,"17":1475,"18":14750,"19":91,"20":91,"21":14659,"22":76,"23":76,"24":76,"25":76,"26":76,"27":131,"28":38,"29":131,"30":31,"31":100,"32":100,"33":1108,"34":24,"35":24,"36":1084,"37":0,"38":1084,"39":57,"40":57,"41":0,"42":0,"43":1027,"44":27,"45":27,"46":27,"47":27,"48":0,"49":27,"50":1000,"51":1000,"52":2,"53":1108,"54":131,"55":131,"56":131,"57":1284,"58":1284,"59":1284,"60":117,"61":117,"62":117,"63":1167,"64":1167,"65":3,"66":3,"67":3,"68":1284,"69":131,"70":61,"71":131,"72":1164,"73":78,"74":78,"75":131,"76":1086,"77":1086,"78":132,"79":131,"80":1086,"81":1086,"82":104,"83":131,"84":1086,"85":1086,"86":1086,"87":103,"88":103,"89":983,"90":17,"91":17,"92":131,"93":966,"94":98,"95":98,"96":131,"97":131,"98":36,"99":95,"100":581,"101":17,"102":131,"103":131,"104":131,"105":131,"106":1199,"107":1199,"108":79,"109":79,"110":355,"111":1120,"112":131,"113":131,"114":131,"115":131,"116":131,"117":131,"118":131,"119":131,"120":131,"121":131,"122":131,"123":131,"124":131,"125":131,"126":131,"127":131,"128":131,"129":131,"130":131,"131":131,"132":1},"b":{"1":[91,14659],"2":[76,14583],"3":[76,0],"4":[38,93],"5":[131,130],"6":[31,100],"7":[24,1084],"8":[1108,1106,1104],"9":[0,1084],"10":[57,1027],"11":[0,57],"12":[27,1000],"13":[27,0],"14":[2,998],"15":[117,1167],"16":[3,1164],"17":[61,70],"18":[131,74,64],"19":[78,1086],"20":[1164,1133,70,1094],"21":[132,954],"22":[1086,137],"23":[104,982],"24":[103,983],"25":[17,966],"26":[98,868],"27":[966,870],"28":[36,95],"29":[131,36],"30":[17,564],"31":[79,1120]},"f":{"1":131,"2":131,"3":131,"4":131,"5":131,"6":131,"7":131,"8":131,"9":131,"10":131,"11":131},"fnMap":{"1":{"name":"(anonymous_1)","line":19,"loc":{"start":{"line":19,"column":12},"end":{"line":19,"column":20}}},"2":{"name":"(anonymous_2)","line":47,"loc":{"start":{"line":47,"column":9},"end":{"line":47,"column":12}}},"3":{"name":"(anonymous_3)","line":78,"loc":{"start":{"line":78,"column":8},"end":{"line":78,"column":11}}},"4":{"name":"(anonymous_4)","line":127,"loc":{"start":{"line":127,"column":7},"end":{"line":127,"column":10}}},"5":{"name":"(anonymous_5)","line":162,"loc":{"start":{"line":162,"column":7},"end":{"line":162,"column":10}}},"6":{"name":"(anonymous_6)","line":181,"loc":{"start":{"line":181,"column":10},"end":{"line":181,"column":13}}},"7":{"name":"(anonymous_7)","line":197,"loc":{"start":{"line":197,"column":8},"end":{"line":197,"column":11}}},"8":{"name":"(anonymous_8)","line":211,"loc":{"start":{"line":211,"column":10},"end":{"line":211,"column":13}}},"9":{"name":"(anonymous_9)","line":228,"loc":{"start":{"line":228,"column":11},"end":{"line":228,"column":14}}},"10":{"name":"(anonymous_10)","line":240,"loc":{"start":{"line":240,"column":12},"end":{"line":240,"column":19}}},"11":{"name":"(anonymous_11)","line":255,"loc":{"start":{"line":255,"column":5},"end":{"line":255,"column":13}}}},"statementMap":{"1":{"start":{"line":8,"column":0},"end":{"line":8,"column":41}},"2":{"start":{"line":9,"column":0},"end":{"line":9,"column":28}},"3":{"start":{"line":11,"column":0},"end":{"line":16,"column":2}},"4":{"start":{"line":20,"column":2},"end":{"line":20,"column":19}},"5":{"start":{"line":22,"column":2},"end":{"line":22,"column":18}},"6":{"start":{"line":24,"column":2},"end":{"line":24,"column":17}},"7":{"start":{"line":26,"column":2},"end":{"line":26,"column":16}},"8":{"start":{"line":28,"column":2},"end":{"line":28,"column":19}},"9":{"start":{"line":30,"column":2},"end":{"line":30,"column":17}},"10":{"start":{"line":32,"column":2},"end":{"line":32,"column":19}},"11":{"start":{"line":34,"column":2},"end":{"line":34,"column":20}},"12":{"start":{"line":36,"column":2},"end":{"line":36,"column":16}},"13":{"start":{"line":38,"column":2},"end":{"line":38,"column":21}},"14":{"start":{"line":40,"column":2},"end":{"line":40,"column":26}},"15":{"start":{"line":48,"column":2},"end":{"line":51,"column":4}},"16":{"start":{"line":52,"column":2},"end":{"line":68,"column":3}},"17":{"start":{"line":53,"column":3},"end":{"line":67,"column":4}},"18":{"start":{"line":55,"column":4},"end":{"line":66,"column":5}},"19":{"start":{"line":56,"column":5},"end":{"line":56,"column":47}},"20":{"start":{"line":57,"column":5},"end":{"line":57,"column":20}},"21":{"start":{"line":58,"column":11},"end":{"line":66,"column":5}},"22":{"start":{"line":60,"column":5},"end":{"line":60,"column":20}},"23":{"start":{"line":61,"column":5},"end":{"line":61,"column":55}},"24":{"start":{"line":62,"column":5},"end":{"line":65,"column":6}},"25":{"start":{"line":63,"column":6},"end":{"line":63,"column":23}},"26":{"start":{"line":64,"column":6},"end":{"line":64,"column":48}},"27":{"start":{"line":70,"column":2},"end":{"line":72,"column":3}},"28":{"start":{"line":71,"column":3},"end":{"line":71,"column":35}},"29":{"start":{"line":80,"column":2},"end":{"line":80,"column":24}},"30":{"start":{"line":80,"column":17},"end":{"line":80,"column":24}},"31":{"start":{"line":82,"column":2},"end":{"line":82,"column":12}},"32":{"start":{"line":84,"column":2},"end":{"line":119,"column":3}},"33":{"start":{"line":87,"column":3},"end":{"line":117,"column":4}},"34":{"start":{"line":88,"column":4},"end":{"line":88,"column":40}},"35":{"start":{"line":89,"column":4},"end":{"line":89,"column":46}},"36":{"start":{"line":90,"column":10},"end":{"line":117,"column":4}},"37":{"start":{"line":93,"column":4},"end":{"line":93,"column":69}},"38":{"start":{"line":94,"column":10},"end":{"line":117,"column":4}},"39":{"start":{"line":96,"column":4},"end":{"line":96,"column":59}},"40":{"start":{"line":97,"column":4},"end":{"line":100,"column":5}},"41":{"start":{"line":98,"column":5},"end":{"line":98,"column":27}},"42":{"start":{"line":99,"column":5},"end":{"line":99,"column":47}},"43":{"start":{"line":101,"column":10},"end":{"line":117,"column":4}},"44":{"start":{"line":102,"column":4},"end":{"line":102,"column":47}},"45":{"start":{"line":103,"column":4},"end":{"line":103,"column":12}},"46":{"start":{"line":104,"column":4},"end":{"line":108,"column":5}},"47":{"start":{"line":105,"column":5},"end":{"line":105,"column":21}},"48":{"start":{"line":107,"column":5},"end":{"line":107,"column":26}},"49":{"start":{"line":109,"column":4},"end":{"line":109,"column":61}},"50":{"start":{"line":112,"column":4},"end":{"line":112,"column":59}},"51":{"start":{"line":113,"column":4},"end":{"line":116,"column":5}},"52":{"start":{"line":114,"column":5},"end":{"line":114,"column":26}},"53":{"start":{"line":118,"column":3},"end":{"line":118,"column":10}},"54":{"start":{"line":128,"column":2},"end":{"line":128,"column":17}},"55":{"start":{"line":129,"column":2},"end":{"line":129,"column":12}},"56":{"start":{"line":130,"column":2},"end":{"line":148,"column":3}},"57":{"start":{"line":131,"column":3},"end":{"line":131,"column":36}},"58":{"start":{"line":133,"column":3},"end":{"line":133,"column":44}},"59":{"start":{"line":134,"column":3},"end":{"line":146,"column":4}},"60":{"start":{"line":135,"column":4},"end":{"line":135,"column":15}},"61":{"start":{"line":136,"column":4},"end":{"line":136,"column":24}},"62":{"start":{"line":137,"column":4},"end":{"line":137,"column":46}},"63":{"start":{"line":140,"column":4},"end":{"line":140,"column":46}},"64":{"start":{"line":141,"column":4},"end":{"line":145,"column":5}},"65":{"start":{"line":142,"column":5},"end":{"line":142,"column":16}},"66":{"start":{"line":143,"column":5},"end":{"line":143,"column":26}},"67":{"start":{"line":144,"column":5},"end":{"line":144,"column":47}},"68":{"start":{"line":147,"column":3},"end":{"line":147,"column":8}},"69":{"start":{"line":152,"column":2},"end":{"line":154,"column":3}},"70":{"start":{"line":153,"column":3},"end":{"line":153,"column":71}},"71":{"start":{"line":164,"column":2},"end":{"line":174,"column":3}},"72":{"start":{"line":165,"column":3},"end":{"line":173,"column":4}},"73":{"start":{"line":171,"column":4},"end":{"line":171,"column":19}},"74":{"start":{"line":172,"column":4},"end":{"line":172,"column":46}},"75":{"start":{"line":182,"column":2},"end":{"line":190,"column":3}},"76":{"start":{"line":183,"column":3},"end":{"line":183,"column":40}},"77":{"start":{"line":185,"column":3},"end":{"line":189,"column":4}},"78":{"start":{"line":186,"column":4},"end":{"line":186,"column":27}},"79":{"start":{"line":198,"column":2},"end":{"line":204,"column":3}},"80":{"start":{"line":199,"column":3},"end":{"line":199,"column":54}},"81":{"start":{"line":200,"column":3},"end":{"line":203,"column":4}},"82":{"start":{"line":201,"column":4},"end":{"line":201,"column":25}},"83":{"start":{"line":212,"column":2},"end":{"line":222,"column":3}},"84":{"start":{"line":213,"column":3},"end":{"line":213,"column":34}},"85":{"start":{"line":214,"column":3},"end":{"line":214,"column":39}},"86":{"start":{"line":215,"column":3},"end":{"line":221,"column":4}},"87":{"start":{"line":216,"column":4},"end":{"line":216,"column":22}},"88":{"start":{"line":217,"column":4},"end":{"line":217,"column":46}},"89":{"start":{"line":218,"column":10},"end":{"line":221,"column":4}},"90":{"start":{"line":219,"column":4},"end":{"line":219,"column":24}},"91":{"start":{"line":220,"column":4},"end":{"line":220,"column":46}},"92":{"start":{"line":229,"column":2},"end":{"line":234,"column":3}},"93":{"start":{"line":230,"column":3},"end":{"line":233,"column":4}},"94":{"start":{"line":231,"column":4},"end":{"line":231,"column":23}},"95":{"start":{"line":232,"column":4},"end":{"line":232,"column":46}},"96":{"start":{"line":241,"column":2},"end":{"line":241,"column":37}},"97":{"start":{"line":242,"column":2},"end":{"line":252,"column":3}},"98":{"start":{"line":243,"column":3},"end":{"line":243,"column":28}},"99":{"start":{"line":246,"column":3},"end":{"line":251,"column":4}},"100":{"start":{"line":247,"column":4},"end":{"line":250,"column":5}},"101":{"start":{"line":248,"column":5},"end":{"line":248,"column":25}},"102":{"start":{"line":257,"column":2},"end":{"line":257,"column":46}},"103":{"start":{"line":258,"column":2},"end":{"line":258,"column":34}},"104":{"start":{"line":259,"column":2},"end":{"line":259,"column":19}},"105":{"start":{"line":260,"column":2},"end":{"line":270,"column":3}},"106":{"start":{"line":261,"column":3},"end":{"line":261,"column":25}},"107":{"start":{"line":262,"column":3},"end":{"line":269,"column":4}},"108":{"start":{"line":263,"column":4},"end":{"line":263,"column":32}},"109":{"start":{"line":264,"column":4},"end":{"line":266,"column":7}},"110":{"start":{"line":265,"column":5},"end":{"line":265,"column":28}},"111":{"start":{"line":268,"column":4},"end":{"line":268,"column":26}},"112":{"start":{"line":284,"column":2},"end":{"line":284,"column":34}},"113":{"start":{"line":286,"column":2},"end":{"line":286,"column":18}},"114":{"start":{"line":287,"column":2},"end":{"line":287,"column":17}},"115":{"start":{"line":288,"column":2},"end":{"line":288,"column":16}},"116":{"start":{"line":289,"column":2},"end":{"line":289,"column":16}},"117":{"start":{"line":290,"column":2},"end":{"line":290,"column":19}},"118":{"start":{"line":291,"column":2},"end":{"line":291,"column":17}},"119":{"start":{"line":292,"column":2},"end":{"line":292,"column":19}},"120":{"start":{"line":293,"column":2},"end":{"line":293,"column":20}},"121":{"start":{"line":294,"column":2},"end":{"line":294,"column":26}},"122":{"start":{"line":295,"column":2},"end":{"line":295,"column":31}},"123":{"start":{"line":296,"column":2},"end":{"line":296,"column":30}},"124":{"start":{"line":297,"column":2},"end":{"line":297,"column":30}},"125":{"start":{"line":298,"column":2},"end":{"line":298,"column":29}},"126":{"start":{"line":299,"column":2},"end":{"line":299,"column":32}},"127":{"start":{"line":300,"column":2},"end":{"line":300,"column":32}},"128":{"start":{"line":301,"column":2},"end":{"line":301,"column":34}},"129":{"start":{"line":302,"column":2},"end":{"line":302,"column":34}},"130":{"start":{"line":303,"column":2},"end":{"line":303,"column":35}},"131":{"start":{"line":305,"column":2},"end":{"line":315,"column":4}},"132":{"start":{"line":320,"column":0},"end":{"line":320,"column":23}}},"branchMap":{"1":{"line":55,"type":"if","locations":[{"start":{"line":55,"column":4},"end":{"line":55,"column":4}},{"start":{"line":55,"column":4},"end":{"line":55,"column":4}}]},"2":{"line":58,"type":"if","locations":[{"start":{"line":58,"column":11},"end":{"line":58,"column":11}},{"start":{"line":58,"column":11},"end":{"line":58,"column":11}}]},"3":{"line":62,"type":"if","locations":[{"start":{"line":62,"column":5},"end":{"line":62,"column":5}},{"start":{"line":62,"column":5},"end":{"line":62,"column":5}}]},"4":{"line":70,"type":"if","locations":[{"start":{"line":70,"column":2},"end":{"line":70,"column":2}},{"start":{"line":70,"column":2},"end":{"line":70,"column":2}}]},"5":{"line":70,"type":"binary-expr","locations":[{"start":{"line":70,"column":5},"end":{"line":70,"column":15}},{"start":{"line":70,"column":19},"end":{"line":70,"column":38}}]},"6":{"line":80,"type":"if","locations":[{"start":{"line":80,"column":2},"end":{"line":80,"column":2}},{"start":{"line":80,"column":2},"end":{"line":80,"column":2}}]},"7":{"line":87,"type":"if","locations":[{"start":{"line":87,"column":3},"end":{"line":87,"column":3}},{"start":{"line":87,"column":3},"end":{"line":87,"column":3}}]},"8":{"line":87,"type":"binary-expr","locations":[{"start":{"line":87,"column":7},"end":{"line":87,"column":31}},{"start":{"line":87,"column":35},"end":{"line":87,"column":58}},{"start":{"line":87,"column":62},"end":{"line":87,"column":86}}]},"9":{"line":90,"type":"if","locations":[{"start":{"line":90,"column":10},"end":{"line":90,"column":10}},{"start":{"line":90,"column":10},"end":{"line":90,"column":10}}]},"10":{"line":94,"type":"if","locations":[{"start":{"line":94,"column":10},"end":{"line":94,"column":10}},{"start":{"line":94,"column":10},"end":{"line":94,"column":10}}]},"11":{"line":97,"type":"if","locations":[{"start":{"line":97,"column":4},"end":{"line":97,"column":4}},{"start":{"line":97,"column":4},"end":{"line":97,"column":4}}]},"12":{"line":101,"type":"if","locations":[{"start":{"line":101,"column":10},"end":{"line":101,"column":10}},{"start":{"line":101,"column":10},"end":{"line":101,"column":10}}]},"13":{"line":104,"type":"if","locations":[{"start":{"line":104,"column":4},"end":{"line":104,"column":4}},{"start":{"line":104,"column":4},"end":{"line":104,"column":4}}]},"14":{"line":113,"type":"if","locations":[{"start":{"line":113,"column":4},"end":{"line":113,"column":4}},{"start":{"line":113,"column":4},"end":{"line":113,"column":4}}]},"15":{"line":134,"type":"if","locations":[{"start":{"line":134,"column":3},"end":{"line":134,"column":3}},{"start":{"line":134,"column":3},"end":{"line":134,"column":3}}]},"16":{"line":141,"type":"if","locations":[{"start":{"line":141,"column":4},"end":{"line":141,"column":4}},{"start":{"line":141,"column":4},"end":{"line":141,"column":4}}]},"17":{"line":152,"type":"if","locations":[{"start":{"line":152,"column":2},"end":{"line":152,"column":2}},{"start":{"line":152,"column":2},"end":{"line":152,"column":2}}]},"18":{"line":152,"type":"binary-expr","locations":[{"start":{"line":152,"column":6},"end":{"line":152,"column":25}},{"start":{"line":152,"column":29},"end":{"line":152,"column":37}},{"start":{"line":152,"column":41},"end":{"line":152,"column":47}}]},"19":{"line":165,"type":"if","locations":[{"start":{"line":165,"column":3},"end":{"line":165,"column":3}},{"start":{"line":165,"column":3},"end":{"line":165,"column":3}}]},"20":{"line":167,"type":"binary-expr","locations":[{"start":{"line":167,"column":5},"end":{"line":167,"column":28}},{"start":{"line":167,"column":32},"end":{"line":167,"column":55}},{"start":{"line":167,"column":60},"end":{"line":167,"column":83}},{"start":{"line":169,"column":3},"end":{"line":169,"column":27}}]},"21":{"line":185,"type":"if","locations":[{"start":{"line":185,"column":3},"end":{"line":185,"column":3}},{"start":{"line":185,"column":3},"end":{"line":185,"column":3}}]},"22":{"line":185,"type":"binary-expr","locations":[{"start":{"line":185,"column":7},"end":{"line":185,"column":12}},{"start":{"line":185,"column":16},"end":{"line":185,"column":39}}]},"23":{"line":200,"type":"if","locations":[{"start":{"line":200,"column":3},"end":{"line":200,"column":3}},{"start":{"line":200,"column":3},"end":{"line":200,"column":3}}]},"24":{"line":215,"type":"if","locations":[{"start":{"line":215,"column":3},"end":{"line":215,"column":3}},{"start":{"line":215,"column":3},"end":{"line":215,"column":3}}]},"25":{"line":218,"type":"if","locations":[{"start":{"line":218,"column":10},"end":{"line":218,"column":10}},{"start":{"line":218,"column":10},"end":{"line":218,"column":10}}]},"26":{"line":230,"type":"if","locations":[{"start":{"line":230,"column":3},"end":{"line":230,"column":3}},{"start":{"line":230,"column":3},"end":{"line":230,"column":3}}]},"27":{"line":230,"type":"binary-expr","locations":[{"start":{"line":230,"column":7},"end":{"line":230,"column":30}},{"start":{"line":230,"column":34},"end":{"line":230,"column":57}}]},"28":{"line":242,"type":"if","locations":[{"start":{"line":242,"column":2},"end":{"line":242,"column":2}},{"start":{"line":242,"column":2},"end":{"line":242,"column":2}}]},"29":{"line":242,"type":"binary-expr","locations":[{"start":{"line":242,"column":5},"end":{"line":242,"column":10}},{"start":{"line":242,"column":14},"end":{"line":242,"column":26}}]},"30":{"line":247,"type":"if","locations":[{"start":{"line":247,"column":4},"end":{"line":247,"column":4}},{"start":{"line":247,"column":4},"end":{"line":247,"column":4}}]},"31":{"line":262,"type":"if","locations":[{"start":{"line":262,"column":3},"end":{"line":262,"column":3}},{"start":{"line":262,"column":3},"end":{"line":262,"column":3}}]}}}}