TN:
SF:/Users/hugo/github/spider/packages/hugo-spider-gz/lib/desktop.js
FN:19,(anonymous_1)
FN:47,(anonymous_2)
FN:78,(anonymous_3)
FN:127,(anonymous_4)
FN:162,(anonymous_5)
FN:181,(anonymous_6)
FN:197,(anonymous_7)
FN:211,(anonymous_8)
FN:228,(anonymous_9)
FN:240,(anonymous_10)
FN:255,(anonymous_11)
FNF:11
FNH:11
FNDA:131,(anonymous_1)
FNDA:131,(anonymous_2)
FNDA:131,(anonymous_3)
FNDA:131,(anonymous_4)
FNDA:131,(anonymous_5)
FNDA:131,(anonymous_6)
FNDA:131,(anonymous_7)
FNDA:131,(anonymous_8)
FNDA:131,(anonymous_9)
FNDA:131,(anonymous_10)
FNDA:131,(anonymous_11)
DA:8,1
DA:9,1
DA:11,1
DA:20,131
DA:22,131
DA:24,131
DA:26,131
DA:28,131
DA:30,131
DA:32,131
DA:34,131
DA:36,131
DA:38,131
DA:40,131
DA:48,131
DA:52,131
DA:53,1475
DA:55,14750
DA:56,91
DA:57,91
DA:58,14659
DA:60,76
DA:61,76
DA:62,76
DA:63,76
DA:64,76
DA:70,131
DA:71,38
DA:80,131
DA:82,100
DA:84,100
DA:87,1108
DA:88,24
DA:89,24
DA:90,1084
DA:93,0
DA:94,1084
DA:96,57
DA:97,57
DA:98,0
DA:99,0
DA:101,1027
DA:102,27
DA:103,27
DA:104,27
DA:105,27
DA:107,0
DA:109,27
DA:112,1000
DA:113,1000
DA:114,2
DA:118,1108
DA:128,131
DA:129,131
DA:130,131
DA:131,1284
DA:133,1284
DA:134,1284
DA:135,117
DA:136,117
DA:137,117
DA:140,1167
DA:141,1167
DA:142,3
DA:143,3
DA:144,3
DA:147,1284
DA:152,131
DA:153,61
DA:164,131
DA:165,1164
DA:171,78
DA:172,78
DA:182,131
DA:183,1086
DA:185,1086
DA:186,132
DA:198,131
DA:199,1086
DA:200,1086
DA:201,104
DA:212,131
DA:213,1086
DA:214,1086
DA:215,1086
DA:216,103
DA:217,103
DA:218,983
DA:219,17
DA:220,17
DA:229,131
DA:230,966
DA:231,98
DA:232,98
DA:241,131
DA:242,131
DA:243,36
DA:246,95
DA:247,581
DA:248,17
DA:257,131
DA:258,131
DA:259,131
DA:260,131
DA:261,1199
DA:262,1199
DA:263,79
DA:264,79
DA:265,355
DA:268,1120
DA:284,131
DA:286,131
DA:287,131
DA:288,131
DA:289,131
DA:290,131
DA:291,131
DA:292,131
DA:293,131
DA:294,131
DA:295,131
DA:296,131
DA:297,131
DA:298,131
DA:299,131
DA:300,131
DA:301,131
DA:302,131
DA:303,131
DA:305,131
DA:320,1
LF:131
LH:127
BRDA:55,1,0,91
BRDA:55,1,1,14659
BRDA:58,2,0,76
BRDA:58,2,1,14583
BRDA:62,3,0,76
BRDA:62,3,1,0
BRDA:70,4,0,38
BRDA:70,4,1,93
BRDA:70,5,0,131
BRDA:70,5,1,130
BRDA:80,6,0,31
BRDA:80,6,1,100
BRDA:87,7,0,24
BRDA:87,7,1,1084
BRDA:87,8,0,1108
BRDA:87,8,1,1106
BRDA:87,8,2,1104
BRDA:90,9,0,0
BRDA:90,9,1,1084
BRDA:94,10,0,57
BRDA:94,10,1,1027
BRDA:97,11,0,0
BRDA:97,11,1,57
BRDA:101,12,0,27
BRDA:101,12,1,1000
BRDA:104,13,0,27
BRDA:104,13,1,0
BRDA:113,14,0,2
BRDA:113,14,1,998
BRDA:134,15,0,117
BRDA:134,15,1,1167
BRDA:141,16,0,3
BRDA:141,16,1,1164
BRDA:152,17,0,61
BRDA:152,17,1,70
BRDA:152,18,0,131
BRDA:152,18,1,74
BRDA:152,18,2,64
BRDA:165,19,0,78
BRDA:165,19,1,1086
BRDA:167,20,0,1164
BRDA:167,20,1,1133
BRDA:167,20,2,70
BRDA:167,20,3,1094
BRDA:185,21,0,132
BRDA:185,21,1,954
BRDA:185,22,0,1086
BRDA:185,22,1,137
BRDA:200,23,0,104
BRDA:200,23,1,982
BRDA:215,24,0,103
BRDA:215,24,1,983
BRDA:218,25,0,17
BRDA:218,25,1,966
BRDA:230,26,0,98
BRDA:230,26,1,868
BRDA:230,27,0,966
BRDA:230,27,1,870
BRDA:242,28,0,36
BRDA:242,28,1,95
BRDA:242,29,0,131
BRDA:242,29,1,36
BRDA:247,30,0,17
BRDA:247,30,1,564
BRDA:262,31,0,79
BRDA:262,31,1,1120
BRF:66
BRH:62
end_of_record
